0 info it worked if it ends with ok
1 verbose cli [ 'C:\\Program Files\\nodejs\\node.exe',
1 verbose cli   'C:\\Program Files\\nodejs\\node_modules\\npm\\bin\\npm-cli.js',
1 verbose cli   'run',
1 verbose cli   'test-single-run' ]
2 info using npm@3.10.10
3 info using node@v6.10.2
4 verbose run-script [ 'pretest-single-run',
4 verbose run-script   'test-single-run',
4 verbose run-script   'posttest-single-run' ]
5 info lifecycle angular-seed@0.0.0~pretest-single-run: angular-seed@0.0.0
6 silly lifecycle angular-seed@0.0.0~pretest-single-run: no script for pretest-single-run, continuing
7 info lifecycle angular-seed@0.0.0~test-single-run: angular-seed@0.0.0
8 verbose lifecycle angular-seed@0.0.0~test-single-run: unsafe-perm in lifecycle true
9 verbose lifecycle angular-seed@0.0.0~test-single-run: PATH: C:\Program Files\nodejs\node_modules\npm\bin\node-gyp-bin;C:\xampp\htdocs\cfdevAngular\node_modules\.bin;C:\Users\connor.mckinnon\bin;C:\Users\connor.mckinnon\AppData\Local\Programs\Git\mingw64\bin;C:\Users\connor.mckinnon\AppData\Local\Programs\Git\usr\local\bin;C:\Users\connor.mckinnon\AppData\Local\Programs\Git\usr\bin;C:\Users\connor.mckinnon\AppData\Local\Programs\Git\usr\bin;C:\Users\connor.mckinnon\AppData\Local\Programs\Git\mingw64\bin;C:\Users\connor.mckinnon\AppData\Local\Programs\Git\usr\bin;C:\Users\connor.mckinnon\bin;C:\ProgramData\Oracle\Java\javapath;C:\Program Files (x86)\Intel\iCLS Client;C:\Program Files\Intel\iCLS Client;C:\Windows\system32;C:\Windows;C:\Windows\System32\Wbem;C:\Program Files (x86)\Intel\Intel(R) Management Engine Components\DAL;C:\Program Files\Intel\Intel(R) Management Engine Components\DAL;C:\Program Files (x86)\Intel\Intel(R) Management Engine Components\IPT;C:\Program Files\Intel\Intel(R) Management Engine Components\IPT;C:\Program Files (x86)\Brackets\command;C:\Program Files (x86)\Skype\Phone;C:\Program Files\MiKTeX 2.9\miktex\bin\x64;C:\Windows\System32\WindowsPowerShell\v1.0;C:\Program Files\nodejs;C:\HashiCorp\Vagrant\bin;C:\Windows\System32\WindowsPowerShell\v1.0;C:\xampp\php;C:\Users\connor.mckinnon\AppData\Local\ComposerSetup\bin;C:\Users\connor.mckinnon\AppData\Roaming\Composer\vendor\bin;C:\Users\connor.mckinnon\AppData\Roaming\npm;C:\Users\connor.mckinnon\AppData\Local\Programs\Git\usr\bin\vendor_perl;C:\Users\connor.mckinnon\AppData\Local\Programs\Git\usr\bin\core_perl
10 verbose lifecycle angular-seed@0.0.0~test-single-run: CWD: C:\xampp\htdocs\cfdevAngular
11 silly lifecycle angular-seed@0.0.0~test-single-run: Args: [ '/d /s /c', 'karma start karma.conf.js --single-run' ]
12 silly lifecycle angular-seed@0.0.0~test-single-run: Returned: code: 1  signal: null
13 info lifecycle angular-seed@0.0.0~test-single-run: Failed to exec test-single-run script
14 verbose stack Error: angular-seed@0.0.0 test-single-run: `karma start karma.conf.js --single-run`
14 verbose stack Exit status 1
14 verbose stack     at EventEmitter.<anonymous> (C:\Program Files\nodejs\node_modules\npm\lib\utils\lifecycle.js:255:16)
14 verbose stack     at emitTwo (events.js:106:13)
14 verbose stack     at EventEmitter.emit (events.js:191:7)
14 verbose stack     at ChildProcess.<anonymous> (C:\Program Files\nodejs\node_modules\npm\lib\utils\spawn.js:40:14)
14 verbose stack     at emitTwo (events.js:106:13)
14 verbose stack     at ChildProcess.emit (events.js:191:7)
14 verbose stack     at maybeClose (internal/child_process.js:886:16)
14 verbose stack     at Process.ChildProcess._handle.onexit (internal/child_process.js:226:5)
15 verbose pkgid angular-seed@0.0.0
16 verbose cwd C:\xampp\htdocs\cfdevAngular
17 error Windows_NT 6.1.7601
18 error argv "C:\\Program Files\\nodejs\\node.exe" "C:\\Program Files\\nodejs\\node_modules\\npm\\bin\\npm-cli.js" "run" "test-single-run"
19 error node v6.10.2
20 error npm  v3.10.10
21 error code ELIFECYCLE
22 error angular-seed@0.0.0 test-single-run: `karma start karma.conf.js --single-run`
22 error Exit status 1
23 error Failed at the angular-seed@0.0.0 test-single-run script 'karma start karma.conf.js --single-run'.
23 error Make sure you have the latest version of node.js and npm installed.
23 error If you do, this is most likely a problem with the angular-seed package,
23 error not with npm itself.
23 error Tell the author that this fails on your system:
23 error     karma start karma.conf.js --single-run
23 error You can get information on how to open an issue for this project with:
23 error     npm bugs angular-seed
23 error Or if that isn't available, you can get their info via:
23 error     npm owner ls angular-seed
23 error There is likely additional logging output above.
24 verbose exit [ 1, true ]
